0 info it worked if it ends with ok
1 verbose cli [ '/home/yesobo/.nvm/versions/node/v7.1.0/bin/node',
1 verbose cli   '/home/yesobo/.nvm/versions/node/v7.1.0/bin/npm',
1 verbose cli   'run',
1 verbose cli   'start:mocks' ]
2 info using npm@3.10.9
3 info using node@v7.1.0
4 verbose run-script [ 'prestart:mocks', 'start:mocks', 'poststart:mocks' ]
5 info lifecycle server-replay@1.0.0~prestart:mocks: server-replay@1.0.0
6 silly lifecycle server-replay@1.0.0~prestart:mocks: no script for prestart:mocks, continuing
7 info lifecycle server-replay@1.0.0~start:mocks: server-replay@1.0.0
8 verbose lifecycle server-replay@1.0.0~start:mocks: unsafe-perm in lifecycle true
9 verbose lifecycle server-replay@1.0.0~start:mocks: PATH: /home/yesobo/.nvm/versions/node/v7.1.0/lib/node_modules/npm/bin/node-gyp-bin:/home/yesobo/Dev/miscLab/server-replay/node_modules/.bin:/home/yesobo/.nvm/versions/node/v7.1.0/bin:/usr/local/sbin:/usr/local/bin:/usr/sbin:/usr/bin:/sbin:/bin:/usr/games:/usr/local/games
10 verbose lifecycle server-replay@1.0.0~start:mocks: CWD: /home/yesobo/Dev/miscLab/server-replay
11 silly lifecycle server-replay@1.0.0~start:mocks: Args: [ '-c', 'server-replay ./hars/manolo_escobar.har' ]
12 silly lifecycle server-replay@1.0.0~start:mocks: Returned: code: 1  signal: null
13 info lifecycle server-replay@1.0.0~start:mocks: Failed to exec start:mocks script
14 verbose stack Error: server-replay@1.0.0 start:mocks: `server-replay ./hars/manolo_escobar.har`
14 verbose stack Exit status 1
14 verbose stack     at EventEmitter.<anonymous> (/home/yesobo/.nvm/versions/node/v7.1.0/lib/node_modules/npm/lib/utils/lifecycle.js:255:16)
14 verbose stack     at emitTwo (events.js:106:13)
14 verbose stack     at EventEmitter.emit (events.js:191:7)
14 verbose stack     at ChildProcess.<anonymous> (/home/yesobo/.nvm/versions/node/v7.1.0/lib/node_modules/npm/lib/utils/spawn.js:40:14)
14 verbose stack     at emitTwo (events.js:106:13)
14 verbose stack     at ChildProcess.emit (events.js:191:7)
14 verbose stack     at maybeClose (internal/child_process.js:885:16)
14 verbose stack     at Process.ChildProcess._handle.onexit (internal/child_process.js:226:5)
15 verbose pkgid server-replay@1.0.0
16 verbose cwd /home/yesobo/Dev/miscLab/server-replay
17 error Linux 4.4.0-64-generic
18 error argv "/home/yesobo/.nvm/versions/node/v7.1.0/bin/node" "/home/yesobo/.nvm/versions/node/v7.1.0/bin/npm" "run" "start:mocks"
19 error node v7.1.0
20 error npm  v3.10.9
21 error code ELIFECYCLE
22 error server-replay@1.0.0 start:mocks: `server-replay ./hars/manolo_escobar.har`
22 error Exit status 1
23 error Failed at the server-replay@1.0.0 start:mocks script 'server-replay ./hars/manolo_escobar.har'.
23 error Make sure you have the latest version of node.js and npm installed.
23 error If you do, this is most likely a problem with the server-replay package,
23 error not with npm itself.
23 error Tell the author that this fails on your system:
23 error     server-replay ./hars/manolo_escobar.har
23 error You can get information on how to open an issue for this project with:
23 error     npm bugs server-replay
23 error Or if that isn't available, you can get their info via:
23 error     npm owner ls server-replay
23 error There is likely additional logging output above.
24 verbose exit [ 1, true ]
